3/13/2026, 6:11:45 PM GMT+5:30 0: 

----------------------------------------------
3/13/2026, 6:11:45 PM GMT+5:30 1: Discord starting: {"releaseChannel":"stable","version":"0.0.128"}, modulepath: /home/sachin/.config/discord/0.0.128/modules
3/13/2026, 6:11:45 PM GMT+5:30 2: ✅ webContents.created web1 ""
3/13/2026, 6:11:45 PM GMT+5:30 3: ✅ window.created win1 "discord"
3/13/2026, 6:11:45 PM GMT+5:30 4: ✅ webContents.did-finish-load web1
3/13/2026, 6:11:58 PM GMT+5:30 5: ✅ webContents.created web2 ""
3/13/2026, 6:11:58 PM GMT+5:30 6: ✅ window.created win2 "Discord"
3/13/2026, 6:12:00 PM GMT+5:30 7: ✅ webContents.did-finish-load web2
3/13/2026, 6:12:02 PM GMT+5:30 8: window.close win1
3/13/2026, 6:12:02 PM GMT+5:30 9: webContents.destroyed web1
3/13/2026, 6:12:02 PM GMT+5:30 10: window.closed win1
3/13/2026, 11:18:12 PM GMT+5:30 11: window.close win2
3/13/2026, 11:18:48 PM GMT+5:30 12: before-quit
3/13/2026, 11:18:48 PM GMT+5:30 13: window.close win2
3/13/2026, 11:18:48 PM GMT+5:30 14: ❌ child-process-gone {
  type: 'Utility',
  reason: 'killed',
  exitCode: 15,
  serviceName: 'audio.mojom.AudioService',
  name: 'Audio Service'
}
3/14/2026, 9:53:11 AM GMT+5:30 0: 

----------------------------------------------
3/14/2026, 9:53:11 AM GMT+5:30 1: Discord starting: {"releaseChannel":"stable","version":"0.0.128"}, modulepath: /home/sachin/.config/discord/0.0.128/modules
3/14/2026, 9:53:11 AM GMT+5:30 2: ✅ webContents.created web1 ""
3/14/2026, 9:53:11 AM GMT+5:30 3: ✅ window.created win1 "discord"
3/14/2026, 9:53:12 AM GMT+5:30 4: ✅ webContents.did-finish-load web1
3/14/2026, 9:53:12 AM GMT+5:30 5: ✅ webContents.created web2 ""
3/14/2026, 9:53:12 AM GMT+5:30 6: ✅ window.created win2 "Discord"
3/14/2026, 9:53:15 AM GMT+5:30 7: ✅ webContents.did-finish-load web2
3/14/2026, 9:53:16 AM GMT+5:30 8: window.close win1
3/14/2026, 9:53:16 AM GMT+5:30 9: webContents.destroyed web1
3/14/2026, 9:53:16 AM GMT+5:30 10: window.closed win1
3/14/2026, 10:19:32 PM GMT+5:30 11: window.close win2
3/15/2026, 12:05:07 AM GMT+5:30 12: before-quit
3/19/2026, 10:30:08 PM GMT+5:30 0: 

----------------------------------------------
3/19/2026, 10:30:08 PM GMT+5:30 1: Discord starting: {"releaseChannel":"stable","version":"0.0.128"}, modulepath: /home/sachin/.config/discord/0.0.128/modules
3/19/2026, 10:30:08 PM GMT+5:30 2: ✅ webContents.created web1 ""
3/19/2026, 10:30:08 PM GMT+5:30 3: ✅ window.created win1 "discord"
3/19/2026, 10:30:09 PM GMT+5:30 4: ✅ webContents.did-finish-load web1
3/19/2026, 10:57:45 PM GMT+5:30 5: window.close win1
