[2025-Nov-29 22:53:41.532 +05:30][55625:55625][info ] Logging initialized
[2025-Nov-29 22:53:41.532 +05:30][55625:55625][info ] Initializing krisp SDK...
[2025-Nov-29 22:53:41.532 +05:30][55625:55625][info ] DoKrispInitialize
[2025-Nov-29 22:53:41.932 +05:30][55625:55625][info ] LoadDynamicKrisp
[2025-Nov-29 22:53:41.932 +05:30][55625:55625][info ] Did not find KRISP_DYLIB_PATH, skipping dynamic loading
[2025-Nov-29 22:53:41.932 +05:30][55625:55625][info ] Initializing Krisp SDK in PID 55625, addr 0x7f53f8d74f90
[2025-Nov-29 22:53:41.933 +05:30][55625:55625][info ] Initialized Krisp SDK successfully
[2025-Nov-29 22:53:41.933 +05:30][55625:55625][info ] Krisp SDK initialized
[2025-Nov-30 19:54:39.017 +05:30][ 4092: 4092][info ] Logging initialized
[2025-Nov-30 19:54:39.017 +05:30][ 4092: 4092][info ] Initializing krisp SDK...
[2025-Nov-30 19:54:39.018 +05:30][ 4092: 4092][info ] DoKrispInitialize
[2025-Nov-30 19:54:39.566 +05:30][ 4092: 4092][info ] LoadDynamicKrisp
[2025-Nov-30 19:54:39.566 +05:30][ 4092: 4092][info ] Did not find KRISP_DYLIB_PATH, skipping dynamic loading
[2025-Nov-30 19:54:39.566 +05:30][ 4092: 4092][info ] Initializing Krisp SDK in PID 4092, addr 0x7f34b9f6cf90
[2025-Nov-30 19:54:39.567 +05:30][ 4092: 4092][info ] Initialized Krisp SDK successfully
[2025-Nov-30 19:54:39.567 +05:30][ 4092: 4092][info ] Krisp SDK initialized
[2025-Nov-30 19:55:09.524 +05:30][ 4092: 4130][info ] KrispNCSetup: sampleRate = 48000, duration = 10
[2025-Nov-30 19:55:09.524 +05:30][ 4092: 4130][info ] Setting Krisp model: full_NC
[2025-Nov-30 19:55:09.597 +05:30][ 4092: 4130][info ] KrispVADSetup: sampleRate = 48000, duration = 10
[2025-Nov-30 19:55:21.845 +05:30][ 4092: 4118][info ] KrispVADReset
[2025-Dec-04 20:18:40.062 +05:30][42546:42546][info ] Logging initialized
[2025-Dec-04 20:18:40.062 +05:30][42546:42546][info ] Initializing krisp SDK...
[2025-Dec-04 20:18:40.062 +05:30][42546:42546][info ] DoKrispInitialize
[2025-Dec-04 20:18:40.547 +05:30][42546:42546][info ] LoadDynamicKrisp
[2025-Dec-04 20:18:40.547 +05:30][42546:42546][info ] Did not find KRISP_DYLIB_PATH, skipping dynamic loading
[2025-Dec-04 20:18:40.547 +05:30][42546:42546][info ] Initializing Krisp SDK in PID 42546, addr 0x7ff365c0cf90
[2025-Dec-04 20:18:40.547 +05:30][42546:42546][info ] Initialized Krisp SDK successfully
[2025-Dec-04 20:18:40.547 +05:30][42546:42546][info ] Krisp SDK initialized
[2025-Dec-05 20:10:16.430 +05:30][23515:23515][info ] Logging initialized
[2025-Dec-05 20:10:16.430 +05:30][23515:23515][info ] Initializing krisp SDK...
[2025-Dec-05 20:10:16.430 +05:30][23515:23515][info ] DoKrispInitialize
[2025-Dec-05 20:10:19.642 +05:30][23515:23515][info ] LoadDynamicKrisp
[2025-Dec-05 20:10:19.642 +05:30][23515:23515][info ] Did not find KRISP_DYLIB_PATH, skipping dynamic loading
[2025-Dec-05 20:10:19.642 +05:30][23515:23515][info ] Initializing Krisp SDK in PID 23515, addr 0x7ff941e3cf90
[2025-Dec-05 20:10:19.647 +05:30][23515:23515][info ] Initialized Krisp SDK successfully
[2025-Dec-05 20:10:19.647 +05:30][23515:23515][info ] Krisp SDK initialized
[2025-Dec-08 13:28:45.480 +05:30][26403:26403][info ] Logging initialized
[2025-Dec-08 13:28:45.480 +05:30][26403:26403][info ] Initializing krisp SDK...
[2025-Dec-08 13:28:45.480 +05:30][26403:26403][info ] DoKrispInitialize
[2025-Dec-08 13:28:46.006 +05:30][26403:26403][info ] LoadDynamicKrisp
[2025-Dec-08 13:28:46.006 +05:30][26403:26403][info ] Did not find KRISP_DYLIB_PATH, skipping dynamic loading
[2025-Dec-08 13:28:46.006 +05:30][26403:26403][info ] Initializing Krisp SDK in PID 26403, addr 0x7f8baa86cf90
[2025-Dec-08 13:28:46.007 +05:30][26403:26403][info ] Initialized Krisp SDK successfully
[2025-Dec-08 13:28:46.007 +05:30][26403:26403][info ] Krisp SDK initialized
[2025-Dec-20 16:59:14.361 +05:30][ 7762: 7762][info ] Logging initialized
[2025-Dec-20 16:59:14.361 +05:30][ 7762: 7762][info ] Initializing krisp SDK...
[2025-Dec-20 16:59:14.361 +05:30][ 7762: 7762][info ] DoKrispInitialize
[2025-Dec-20 16:59:14.840 +05:30][ 7762: 7762][info ] LoadDynamicKrisp
[2025-Dec-20 16:59:14.840 +05:30][ 7762: 7762][info ] Did not find KRISP_DYLIB_PATH, skipping dynamic loading
[2025-Dec-20 16:59:14.840 +05:30][ 7762: 7762][info ] Initializing Krisp SDK in PID 7762, addr 0x7dc8e3d6cf90
[2025-Dec-20 16:59:14.841 +05:30][ 7762: 7762][info ] Initialized Krisp SDK successfully
[2025-Dec-20 16:59:14.841 +05:30][ 7762: 7762][info ] Krisp SDK initialized
[2025-Dec-24 20:07:02.316 +05:30][22288:22288][info ] Logging initialized
[2025-Dec-24 20:07:02.316 +05:30][22288:22288][info ] Initializing krisp SDK...
[2025-Dec-24 20:07:02.316 +05:30][22288:22288][info ] DoKrispInitialize
[2025-Dec-24 20:07:02.721 +05:30][22288:22288][info ] LoadDynamicKrisp
[2025-Dec-24 20:07:02.721 +05:30][22288:22288][info ] Did not find KRISP_DYLIB_PATH, skipping dynamic loading
[2025-Dec-24 20:07:02.721 +05:30][22288:22288][info ] Initializing Krisp SDK in PID 22288, addr 0x7fe701e6cf90
[2025-Dec-24 20:07:02.721 +05:30][22288:22288][info ] Initialized Krisp SDK successfully
[2025-Dec-24 20:07:02.721 +05:30][22288:22288][info ] Krisp SDK initialized
[2026-Jan-05 22:17:39.920 +05:30][25323:25323][info ] Logging initialized
[2026-Jan-05 22:17:39.920 +05:30][25323:25323][info ] Initializing krisp SDK...
[2026-Jan-05 22:17:39.921 +05:30][25323:25323][info ] DoKrispInitialize
[2026-Jan-05 22:17:40.380 +05:30][25323:25323][info ] LoadDynamicKrisp
[2026-Jan-05 22:17:40.380 +05:30][25323:25323][info ] Did not find KRISP_DYLIB_PATH, skipping dynamic loading
[2026-Jan-05 22:17:40.380 +05:30][25323:25323][info ] Initializing Krisp SDK in PID 25323, addr 0x7f3c7a86cf90
[2026-Jan-05 22:17:40.381 +05:30][25323:25323][info ] Initialized Krisp SDK successfully
[2026-Jan-05 22:17:40.381 +05:30][25323:25323][info ] Krisp SDK initialized
[2026-Jan-10 23:44:40.625 +05:30][ 9267: 9267][info ] Logging initialized
[2026-Jan-10 23:44:40.625 +05:30][ 9267: 9267][info ] Initializing krisp SDK...
[2026-Jan-10 23:44:40.626 +05:30][ 9267: 9267][info ] DoKrispInitialize
[2026-Jan-10 23:44:41.150 +05:30][ 9267: 9267][info ] LoadDynamicKrisp
[2026-Jan-10 23:44:41.150 +05:30][ 9267: 9267][info ] Did not find KRISP_DYLIB_PATH, skipping dynamic loading
[2026-Jan-10 23:44:41.150 +05:30][ 9267: 9267][info ] Initializing Krisp SDK in PID 9267, addr 0x7fae6c6acf90
[2026-Jan-10 23:44:41.151 +05:30][ 9267: 9267][info ] Initialized Krisp SDK successfully
[2026-Jan-10 23:44:41.151 +05:30][ 9267: 9267][info ] Krisp SDK initialized
[2026-Jan-11 00:13:27.492 +05:30][ 9267: 9298][info ] KrispNCSetup: sampleRate = 48000, duration = 10
[2026-Jan-11 00:13:27.493 +05:30][ 9267: 9298][info ] Setting Krisp model: full_NC
[2026-Jan-11 00:13:27.608 +05:30][ 9267: 9298][info ] KrispVADSetup: sampleRate = 48000, duration = 10
[2026-Jan-11 00:13:54.734 +05:30][ 9267: 9286][info ] KrispVADReset
[2026-Jan-11 00:15:18.252 +05:30][ 9267: 9298][info ] KrispVADSetup: sampleRate = 48000, duration = 10
[2026-Jan-11 00:15:21.339 +05:30][ 9267: 9286][info ] KrispVADReset
[2026-Jan-11 00:15:34.404 +05:30][ 9267: 9298][info ] KrispVADSetup: sampleRate = 48000, duration = 10
[2026-Jan-11 00:15:54.976 +05:30][ 9267: 9286][info ] KrispVADReset
[2026-Jan-14 21:12:42.194 +05:30][26978:26978][info ] Logging initialized
[2026-Jan-14 21:12:42.196 +05:30][26978:26978][info ] Initializing krisp SDK...
[2026-Jan-14 21:12:42.196 +05:30][26978:26978][info ] DoKrispInitialize
[2026-Jan-14 21:12:43.126 +05:30][26978:26978][info ] LoadDynamicKrisp
[2026-Jan-14 21:12:43.128 +05:30][26978:26978][info ] Did not find KRISP_DYLIB_PATH, skipping dynamic loading
[2026-Jan-14 21:12:43.128 +05:30][26978:26978][info ] Initializing Krisp SDK in PID 26978, addr 0x7f700982cf90
[2026-Jan-14 21:12:43.141 +05:30][26978:26978][info ] Initialized Krisp SDK successfully
[2026-Jan-14 21:12:43.141 +05:30][26978:26978][info ] Krisp SDK initialized
[2026-Jan-14 22:34:44.120 +05:30][ 7544: 7544][info ] Logging initialized
[2026-Jan-14 22:34:44.120 +05:30][ 7544: 7544][info ] Initializing krisp SDK...
[2026-Jan-14 22:34:44.120 +05:30][ 7544: 7544][info ] DoKrispInitialize
[2026-Jan-14 22:34:44.622 +05:30][ 7544: 7544][info ] LoadDynamicKrisp
[2026-Jan-14 22:34:44.622 +05:30][ 7544: 7544][info ] Did not find KRISP_DYLIB_PATH, skipping dynamic loading
[2026-Jan-14 22:34:44.622 +05:30][ 7544: 7544][info ] Initializing Krisp SDK in PID 7544, addr 0x7fccb35acf90
[2026-Jan-14 22:34:44.622 +05:30][ 7544: 7544][info ] Initialized Krisp SDK successfully
[2026-Jan-14 22:34:44.622 +05:30][ 7544: 7544][info ] Krisp SDK initialized
[2026-Jan-15 14:57:20.864 +05:30][19685:19685][info ] Logging initialized
[2026-Jan-15 14:57:20.864 +05:30][19685:19685][info ] Initializing krisp SDK...
[2026-Jan-15 14:57:20.864 +05:30][19685:19685][info ] DoKrispInitialize
[2026-Jan-15 14:57:21.316 +05:30][19685:19685][info ] LoadDynamicKrisp
[2026-Jan-15 14:57:21.316 +05:30][19685:19685][info ] Did not find KRISP_DYLIB_PATH, skipping dynamic loading
[2026-Jan-15 14:57:21.316 +05:30][19685:19685][info ] Initializing Krisp SDK in PID 19685, addr 0x7f7d33d5cf90
[2026-Jan-15 14:57:21.317 +05:30][19685:19685][info ] Initialized Krisp SDK successfully
[2026-Jan-15 14:57:21.317 +05:30][19685:19685][info ] Krisp SDK initialized
[2026-Jan-16 13:39:20.417 +05:30][22095:22095][info ] Logging initialized
[2026-Jan-16 13:39:20.417 +05:30][22095:22095][info ] Initializing krisp SDK...
[2026-Jan-16 13:39:20.417 +05:30][22095:22095][info ] DoKrispInitialize
[2026-Jan-16 13:39:20.873 +05:30][22095:22095][info ] LoadDynamicKrisp
[2026-Jan-16 13:39:20.873 +05:30][22095:22095][info ] Did not find KRISP_DYLIB_PATH, skipping dynamic loading
[2026-Jan-16 13:39:20.873 +05:30][22095:22095][info ] Initializing Krisp SDK in PID 22095, addr 0x7ff9e916cf90
[2026-Jan-16 13:39:20.874 +05:30][22095:22095][info ] Initialized Krisp SDK successfully
[2026-Jan-16 13:39:20.874 +05:30][22095:22095][info ] Krisp SDK initialized
[2026-Jan-25 23:02:20.306 +05:30][44052:44052][info ] Logging initialized
[2026-Jan-25 23:02:20.306 +05:30][44052:44052][info ] Initializing krisp SDK...
[2026-Jan-25 23:02:20.306 +05:30][44052:44052][info ] DoKrispInitialize
[2026-Jan-25 23:02:20.854 +05:30][44052:44052][info ] LoadDynamicKrisp
[2026-Jan-25 23:02:20.854 +05:30][44052:44052][info ] Did not find KRISP_DYLIB_PATH, skipping dynamic loading
[2026-Jan-25 23:02:20.854 +05:30][44052:44052][info ] Initializing Krisp SDK in PID 44052, addr 0x7f6a7897cf90
[2026-Jan-25 23:02:20.855 +05:30][44052:44052][info ] Initialized Krisp SDK successfully
[2026-Jan-25 23:02:20.855 +05:30][44052:44052][info ] Krisp SDK initialized
[2026-Jan-26 17:57:15.995 +05:30][42489:42489][info ] Logging initialized
[2026-Jan-26 17:57:15.996 +05:30][42489:42489][info ] Initializing krisp SDK...
[2026-Jan-26 17:57:15.996 +05:30][42489:42489][info ] DoKrispInitialize
[2026-Jan-26 17:57:16.452 +05:30][42489:42489][info ] LoadDynamicKrisp
[2026-Jan-26 17:57:16.452 +05:30][42489:42489][info ] Did not find KRISP_DYLIB_PATH, skipping dynamic loading
[2026-Jan-26 17:57:16.452 +05:30][42489:42489][info ] Initializing Krisp SDK in PID 42489, addr 0x7f427856cf90
[2026-Jan-26 17:57:16.453 +05:30][42489:42489][info ] Initialized Krisp SDK successfully
[2026-Jan-26 17:57:16.453 +05:30][42489:42489][info ] Krisp SDK initialized
[2026-Jan-26 18:23:04.407 +05:30][42489:42520][info ] KrispNCSetup: sampleRate = 48000, duration = 10
[2026-Jan-26 18:23:04.407 +05:30][42489:42520][info ] Setting Krisp model: full_NC
[2026-Jan-26 18:23:04.470 +05:30][42489:42520][info ] KrispVADSetup: sampleRate = 48000, duration = 10
[2026-Jan-26 18:23:10.553 +05:30][42489:42508][info ] KrispVADReset
[2026-Jan-26 18:23:11.538 +05:30][42489:42520][info ] KrispVADSetup: sampleRate = 48000, duration = 10
[2026-Jan-26 18:23:16.819 +05:30][42489:42508][info ] KrispVADReset
[2026-Jan-26 18:23:18.248 +05:30][42489:42520][info ] KrispVADSetup: sampleRate = 48000, duration = 10
[2026-Jan-26 18:23:22.227 +05:30][42489:42508][info ] KrispVADReset
[2026-Jan-26 18:23:23.216 +05:30][42489:42520][info ] KrispVADSetup: sampleRate = 48000, duration = 10
[2026-Jan-26 18:23:26.288 +05:30][42489:42508][info ] KrispVADReset
[2026-Jan-29 13:10:36.789 +05:30][17243:17243][info ] Logging initialized
[2026-Jan-29 13:10:36.789 +05:30][17243:17243][info ] Initializing krisp SDK...
[2026-Jan-29 13:10:36.789 +05:30][17243:17243][info ] DoKrispInitialize
[2026-Jan-29 13:10:37.221 +05:30][17243:17243][info ] LoadDynamicKrisp
[2026-Jan-29 13:10:37.221 +05:30][17243:17243][info ] Did not find KRISP_DYLIB_PATH, skipping dynamic loading
[2026-Jan-29 13:10:37.221 +05:30][17243:17243][info ] Initializing Krisp SDK in PID 17243, addr 0x7f8268d74f90
[2026-Jan-29 13:10:37.221 +05:30][17243:17243][info ] Initialized Krisp SDK successfully
[2026-Jan-29 13:10:37.221 +05:30][17243:17243][info ] Krisp SDK initialized
[2026-Jan-31 13:47:34.000 +05:30][29577:29577][info ] Logging initialized
[2026-Jan-31 13:47:34.000 +05:30][29577:29577][info ] Initializing krisp SDK...
[2026-Jan-31 13:47:34.001 +05:30][29577:29577][info ] DoKrispInitialize
[2026-Jan-31 13:47:34.436 +05:30][29577:29577][info ] LoadDynamicKrisp
[2026-Jan-31 13:47:34.436 +05:30][29577:29577][info ] Did not find KRISP_DYLIB_PATH, skipping dynamic loading
[2026-Jan-31 13:47:34.436 +05:30][29577:29577][info ] Initializing Krisp SDK in PID 29577, addr 0x7fea4516cf90
[2026-Jan-31 13:47:34.437 +05:30][29577:29577][info ] Initialized Krisp SDK successfully
[2026-Jan-31 13:47:34.437 +05:30][29577:29577][info ] Krisp SDK initialized
[2026-Feb-06 21:29:39.339 +05:30][16942:16942][info ] Logging initialized
[2026-Feb-06 21:29:39.340 +05:30][16942:16942][info ] Initializing krisp SDK...
[2026-Feb-06 21:29:39.340 +05:30][16942:16942][info ] DoKrispInitialize
[2026-Feb-06 21:29:39.786 +05:30][16942:16942][info ] LoadDynamicKrisp
[2026-Feb-06 21:29:39.786 +05:30][16942:16942][info ] Did not find KRISP_DYLIB_PATH, skipping dynamic loading
[2026-Feb-06 21:29:39.786 +05:30][16942:16942][info ] Initializing Krisp SDK in PID 16942, addr 0x7e01f6b1cf90
[2026-Feb-06 21:29:39.787 +05:30][16942:16942][info ] Initialized Krisp SDK successfully
[2026-Feb-06 21:29:39.787 +05:30][16942:16942][info ] Krisp SDK initialized
[2026-Feb-07 12:54:13.602 +05:30][12730:12730][info ] Logging initialized
[2026-Feb-07 12:54:13.602 +05:30][12730:12730][info ] Initializing krisp SDK...
[2026-Feb-07 12:54:13.603 +05:30][12730:12730][info ] DoKrispInitialize
[2026-Feb-07 12:54:14.044 +05:30][12730:12730][info ] LoadDynamicKrisp
[2026-Feb-07 12:54:14.044 +05:30][12730:12730][info ] Did not find KRISP_DYLIB_PATH, skipping dynamic loading
[2026-Feb-07 12:54:14.044 +05:30][12730:12730][info ] Initializing Krisp SDK in PID 12730, addr 0x7f09e906cf90
[2026-Feb-07 12:54:14.045 +05:30][12730:12730][info ] Initialized Krisp SDK successfully
[2026-Feb-07 12:54:14.045 +05:30][12730:12730][info ] Krisp SDK initialized
[2026-Feb-08 20:52:47.475 +05:30][43046:43046][info ] Logging initialized
[2026-Feb-08 20:52:47.475 +05:30][43046:43046][info ] Initializing krisp SDK...
[2026-Feb-08 20:52:47.475 +05:30][43046:43046][info ] DoKrispInitialize
[2026-Feb-08 20:52:48.006 +05:30][43046:43046][info ] LoadDynamicKrisp
[2026-Feb-08 20:52:48.006 +05:30][43046:43046][info ] Did not find KRISP_DYLIB_PATH, skipping dynamic loading
[2026-Feb-08 20:52:48.006 +05:30][43046:43046][info ] Initializing Krisp SDK in PID 43046, addr 0x7fac0066cf90
[2026-Feb-08 20:52:48.007 +05:30][43046:43046][info ] Initialized Krisp SDK successfully
[2026-Feb-08 20:52:48.007 +05:30][43046:43046][info ] Krisp SDK initialized
[2026-Feb-22 19:54:37.170 +05:30][63120:63120][info ] Logging initialized
[2026-Feb-22 19:54:37.170 +05:30][63120:63120][info ] Initializing krisp SDK...
[2026-Feb-22 19:54:37.170 +05:30][63120:63120][info ] DoKrispInitialize
[2026-Feb-22 19:54:37.621 +05:30][63120:63120][info ] LoadDynamicKrisp
[2026-Feb-22 19:54:37.621 +05:30][63120:63120][info ] Did not find KRISP_DYLIB_PATH, skipping dynamic loading
[2026-Feb-22 19:54:37.621 +05:30][63120:63120][info ] Initializing Krisp SDK in PID 63120, addr 0x7fdd4cc4d0e0
[2026-Feb-22 19:54:37.622 +05:30][63120:63120][info ] Initialized Krisp SDK successfully
[2026-Feb-22 19:54:37.622 +05:30][63120:63120][info ] Krisp SDK initialized
[2026-Feb-25 17:29:27.216 +05:30][ 9328: 9328][info ] Logging initialized
[2026-Feb-25 17:29:27.216 +05:30][ 9328: 9328][info ] Initializing krisp SDK...
[2026-Feb-25 17:29:27.216 +05:30][ 9328: 9328][info ] DoKrispInitialize
[2026-Feb-25 17:29:27.574 +05:30][ 9328: 9328][info ] LoadDynamicKrisp
[2026-Feb-25 17:29:27.574 +05:30][ 9328: 9328][info ] Did not find KRISP_DYLIB_PATH, skipping dynamic loading
[2026-Feb-25 17:29:27.574 +05:30][ 9328: 9328][info ] Initializing Krisp SDK in PID 9328, addr 0x7f1a5f76d0e0
[2026-Feb-25 17:29:27.575 +05:30][ 9328: 9328][info ] Initialized Krisp SDK successfully
[2026-Feb-25 17:29:27.575 +05:30][ 9328: 9328][info ] Krisp SDK initialized
[2026-Mar-03 21:50:03.551 +05:30][ 4184: 4184][info ] Logging initialized
[2026-Mar-03 21:50:03.551 +05:30][ 4184: 4184][info ] Initializing krisp SDK...
[2026-Mar-03 21:50:03.551 +05:30][ 4184: 4184][info ] DoKrispInitialize
[2026-Mar-03 21:50:04.000 +05:30][ 4184: 4184][info ] LoadDynamicKrisp
[2026-Mar-03 21:50:04.000 +05:30][ 4184: 4184][info ] Did not find KRISP_DYLIB_PATH, skipping dynamic loading
[2026-Mar-03 21:50:04.000 +05:30][ 4184: 4184][info ] Initializing Krisp SDK in PID 4184, addr 0x7fbd04b6d120
[2026-Mar-03 21:50:04.000 +05:30][ 4184: 4184][info ] Initialized Krisp SDK successfully
[2026-Mar-03 21:50:04.000 +05:30][ 4184: 4184][info ] Krisp SDK initialized
[2026-Mar-06 21:05:19.745 +05:30][35037:35037][info ] Logging initialized
[2026-Mar-06 21:05:19.745 +05:30][35037:35037][info ] Initializing krisp SDK...
[2026-Mar-06 21:05:19.745 +05:30][35037:35037][info ] DoKrispInitialize
[2026-Mar-06 21:05:20.207 +05:30][35037:35037][info ] LoadDynamicKrisp
[2026-Mar-06 21:05:20.207 +05:30][35037:35037][info ] Did not find KRISP_DYLIB_PATH, skipping dynamic loading
[2026-Mar-06 21:05:20.207 +05:30][35037:35037][info ] Initializing Krisp SDK in PID 35037, addr 0x7f35c3fad120
[2026-Mar-06 21:05:20.208 +05:30][35037:35037][info ] Initialized Krisp SDK successfully
[2026-Mar-06 21:05:20.208 +05:30][35037:35037][info ] Krisp SDK initialized
[2026-Mar-13 18:12:09.367 +05:30][ 2403: 2403][info ] Logging initialized
[2026-Mar-13 18:12:09.367 +05:30][ 2403: 2403][info ] Initializing krisp SDK...
[2026-Mar-13 18:12:09.367 +05:30][ 2403: 2403][info ] DoKrispInitialize
[2026-Mar-13 18:12:09.801 +05:30][ 2403: 2403][info ] LoadDynamicKrisp
[2026-Mar-13 18:12:09.801 +05:30][ 2403: 2403][info ] Did not find KRISP_DYLIB_PATH, skipping dynamic loading
[2026-Mar-13 18:12:09.801 +05:30][ 2403: 2403][info ] Initializing Krisp SDK in PID 2403, addr 0x7fd511f6d120
[2026-Mar-13 18:12:09.801 +05:30][ 2403: 2403][info ] Initialized Krisp SDK successfully
[2026-Mar-13 18:12:09.801 +05:30][ 2403: 2403][info ] Krisp SDK initialized
[2026-Mar-14 09:53:16.760 +05:30][47305:47305][info ] Logging initialized
[2026-Mar-14 09:53:16.761 +05:30][47305:47305][info ] Initializing krisp SDK...
[2026-Mar-14 09:53:16.762 +05:30][47305:47305][info ] DoKrispInitialize
[2026-Mar-14 09:53:17.206 +05:30][47305:47305][info ] LoadDynamicKrisp
[2026-Mar-14 09:53:17.206 +05:30][47305:47305][info ] Did not find KRISP_DYLIB_PATH, skipping dynamic loading
[2026-Mar-14 09:53:17.206 +05:30][47305:47305][info ] Initializing Krisp SDK in PID 47305, addr 0x7fafe7c6d120
[2026-Mar-14 09:53:17.206 +05:30][47305:47305][info ] Initialized Krisp SDK successfully
[2026-Mar-14 09:53:17.206 +05:30][47305:47305][info ] Krisp SDK initialized
